#
# There is insufficient memory for the Java Runtime Environment to continue.
# Native memory allocation (mmap) failed to map 167772160 bytes for G1 virtual space
# Possible reasons:
#   The system is out of physical RAM or swap space
#   The process is running with CompressedOops enabled, and the Java Heap may be blocking the growth of the native heap
# Possible solutions:
#   Reduce memory load on the system
#   Increase physical memory or swap space
#   Check if swap backing store is full
#   Decrease Java heap size (-Xmx/-Xms)
#   Decrease number of Java threads
#   Decrease Java thread stack sizes (-Xss)
#   Set larger code cache with -XX:ReservedCodeCacheSize=
#   JVM is running with Zero Based Compressed Oops mode in which the Java heap is
#     placed in the first 32GB address space. The Java Heap base address is the
#     maximum limit for the native heap growth. Please use -XX:HeapBaseMinAddress
#     to set the Java Heap base and to place the Java Heap above 32GB virtual address.
# This output file may be truncated or incomplete.
#
#  Out of Memory Error (os_windows.cpp:3527), pid=7604, tid=6780
#
# JRE version:  (19.0.1+10) (build )
# Java VM: Java HotSpot(TM) 64-Bit Server VM (19.0.1+10-21, mixed mode, sharing, tiered, compressed oops, compressed class ptrs, g1 gc, windows-amd64)
# No core dump will be written. Minidumps are not enabled by default on client versions of Windows
#

---------------  S U M M A R Y ------------

Command Line: -agentlib:jdwp=transport=dt_socket,address=127.0.0.1:58094,suspend=y,server=n -javaagent:C:\Users\adral\AppData\Local\JetBrains\IdeaIC2022.3\captureAgent\debugger-agent.jar -Dfile.encoding=UTF-8 -Dsun.stdout.encoding=UTF-8 -Dsun.stderr.encoding=UTF-8 com.example.APICSharp.ApicSharpApplication

Host: AMD Ryzen 3 3200U with Radeon Vega Mobile Gfx  , 3 cores, 9G,  Windows 11 , 64 bit Build 22621 (10.0.22621.1635)
Time: Thu Jun  8 11:04:48 2023 Paris, Madrid (heure duild 22621 (10.0.22621.1635) elapsed time: 0.028563 seconds (0d 0h 0m 0s)

---------------  T H R E A D  ---------------

Current thread (0x00000237fdf9beb0):  JavaThread "Unknown thread" [_thread_in_vm, id=6780, stack(0x0000007d76600000,0x0000007d76700000)]

Stack: [0x0000007d76600000,0x0000007d76700000]
Native frames: (J=compiled Java code, j=interpreted, Vv=VM code, C=native code)
V  [jvm.dll+0x6ee8fa]
V  [jvm.dll+0x857a1e]
V  [jvm.dll+0x85940e]
V  [jvm.dll+0x859ac3]
V  [jvm.dll+0x28291f]
V  [jvm.dll+0x6eb6e9]
V  [jvm.dll+0x6e028a]
V  [jvm.dll+0x357136]
V  [jvm.dll+0x35eb96]
V  [jvm.dll+0x3b555e]
V  [jvm.dll+0x3b578f]
V  [jvm.dll+0x32c6ea]
V  [jvm.dll+0x32d59e]
V  [jvm.dll+0x821b20]
V  [jvm.dll+0x3c27c1]
V  [jvm.dll+0x8022f1]
V  [jvm.dll+0x44b30f]
V  [jvm.dll+0x44cc91]
C  [jli.dll+0x5287]
C  [ucrtbase.dll+0x29363]
C  [KERNEL32.DLL+0x126ad]
C  [ntdll.dll+0x5a9f8]


---------------  P R O C E S S  ---------------

Threads class SMR info:
_java_thread_list=0x00007fffcb57d048, length=0, elements={
}

Java Threads: ( => current thread )

Other Threads:
  0x00000237fdfb6dd0 WorkerThread "GC Thread#0" [stack: 0x0000007d76700000,0x0000007d76800000] [id=8432]
  0x00000237fdff8d80 ConcurrentGCThread "G1 Main Marker" [stack: 0x0000007d76800000,0x0000007d76900000] [id=16996]
  0x00000237fdffaac0 WorkerThread "G1 Conc#0" [stack: 0x0000007d76900000,0x0000007d76a00000] [id=11244]

[error occurred during error reporting (printing all threads), id 0xc0000005, EXCEPTION_ACCESS_VIOLATION (0xc0000005) at pc=0x00007fffcad3d127]

VM state: not at safepoint (not fully initialized)

VM Mutex/Monitor currently owned by a thread:  ([mutex/lock_event])
[0x00000237fdf973f0] Heap_lock - owner thread: 0x00000237fdf9beb0

Heap address: 0x0000000760e00000, size: 2546 MB, Compressed Oops mode: Zero based, Oop shift amount: 3

CDS archive(s) mapped at: [0x0000000000000000-0x0000000000000000-0x0000000000000000), size 0, SharedBaseAddress: 0x0000000800000000, ArchiveRelocationMode: 0.
Narrow klass base: 0x0000000000000000, Narrow klass shift: 0, Narrow klass range: 0x0

GC Precious Log:
 CardTable entry size: 512
 Card Set container configuration: InlinePtr #cards 4 size 8 Array Of Cards #cards 16 size 48 Howl #buckets 8 coarsen threshold 3686 Howl Bitmap #cards 512 size 80 coarsen threshold 460 Card regions per heap region 1 cards per card region 4096

Heap:
 garbage-first heap   total 0K, used 0K [0x0000000760e00000, 0x0000000800000000)
  region size 2048K, 0 young (0K), 0 survivors (0K)

[error occurred during error reporting (printing heap information), id 0xc0000005, EXCEPTION_ACCESS_VIOLATION (0xc0000005) at pc=0x00007fffcb146959]

GC Heap History (0 events):
No events

Dll operation events (2 events):
Event: 0.018 Loaded shared library C:\Program Files\Java\jdk-19\bin\java.dll
Event: 0.019 Loaded shared library C:\Program Files\Java\jdk-19\bin\zip.dll

Deoptimization events (0 events):
No events

Classes loaded (0 events):
No events

Classes unloaded (0 events):
No events

Classes redefined (0 events):
No events

Internal exceptions (0 events):
No events

VM Operations (0 events):
No events

Events (0 events):
No events


Dynamic libraries:
0x00007ff702100000 - 0x00007ff702110000 	C:\Program Files\Java\jdk-19\bin\java.exe
0x00007ff8a7e70000 - 0x00007ff8a8084000 	C:\WINDOWS\SYSTEM32\ntdll.dll
0x00007ff8a7340000 - 0x00007ff8a7402000 	C:\WINDOWS\System32\KERNEL32.DLL
0x00007ff8a53b0000 - 0x00007ff8a5753000 	C:\WINDOWS\System32\KERNELBASE.dll
0x00007ff8a5870000 - 0x00007ff8a5981000 	C:\WINDOWS\System32\ucrtbase.dll
0x00007ff854ce0000 - 0x00007ff854cfb000 	C:\Program Files\Java\jdk-19\bin\VCRUNTIME140.dll
0x00007ff8528f0000 - 0x00007ff852908000 	C:\Program Files\Java\jdk-19\bin\jli.dll
0x00007ff8a7bb0000 - 0x00007ff8a7c5e000 	C:\WINDOWS\System32\ADVAPI32.dll
0x00007ff8a61a0000 - 0x00007ff8a6247000 	C:\WINDOWS\System32\msvcrt.dll
0x00007ff8a6600000 - 0x00007ff8a66a4000 	C:\WINDOWS\System32\sechost.dll
0x00007ff8a6930000 - 0x00007ff8a6a47000 	C:\WINDOWS\System32\RPCRT4.dll
0x00007ff8a7890000 - 0x00007ff8a7a3b000 	C:\WINDOWS\System32\USER32.dll
0x00007ff8a5a10000 - 0x00007ff8a5a36000 	C:\WINDOWS\System32\win32u.dll
0x00007ff8a7e00000 - 0x00007ff8a7e29000 	C:\WINDOWS\System32\GDI32.dll
0x00007ff8a5290000 - 0x00007ff8a53a8000 	C:\WINDOWS\System32\gdi32full.dll
0x00007ff896490000 - 0x00007ff89671e000 	C:\WINDOWS\WinSxS\amd64_microsoft.windows.common-controls_6595b64144ccf1df_6.0.22621.1635_none_270f70857386168e\COMCTL32.dll
0x00007ff8a57d0000 - 0x00007ff8a586a000 	C:\WINDOWS\System32\msvcp_win.dll
0x00007ff89d0c0000 - 0x00007ff89d0ca000 	C:\WINDOWS\SYSTEM32\VERSION.dll
0x00007ff8a6b00000 - 0x00007ff8a6b31000 	C:\WINDOWS\System32\IMM32.DLL
0x00007ff876df0000 - 0x00007ff876dfc000 	C:\Program Files\Java\jdk-19\bin\vcruntime140_1.dll
0x00007fffdf260000 - 0x00007fffdf2ee000 	C:\Program Files\Java\jdk-19\bin\msvcp140.dll
0x00007fffcaa00000 - 0x00007fffcb6c0000 	C:\Program Files\Java\jdk-19\bin\server\jvm.dll
0x00007ff889d40000 - 0x00007ff889d49000 	C:\WINDOWS\SYSTEM32\WSOCK32.dll
0x00007ff8a6120000 - 0x00007ff8a6191000 	C:\WINDOWS\System32\WS2_32.dll
0x00007ff89c890000 - 0x00007ff89c8c4000 	C:\WINDOWS\SYSTEM32\WINMM.dll
0x00007ff8a42e0000 - 0x00007ff8a42f8000 	C:\WINDOWS\SYSTEM32\kernel.appcore.dll
0x00007ff863470000 - 0x00007ff86347a000 	C:\Program Files\Java\jdk-19\bin\jimage.dll
0x00007ff890810000 - 0x00007ff890a3e000 	C:\WINDOWS\SYSTEM32\DBGHELP.DLL
0x00007ff8a6250000 - 0x00007ff8a65d9000 	C:\WINDOWS\System32\combase.dll
0x00007ff8a7a40000 - 0x00007ff8a7b17000 	C:\WINDOWS\System32\OLEAUT32.dll
0x00007ff8907c0000 - 0x00007ff8907f2000 	C:\WINDOWS\SYSTEM32\dbgcore.DLL
0x00007ff8a5990000 - 0x00007ff8a5a0b000 	C:\WINDOWS\System32\bcryptPrimitives.dll
0x00007ff897250000 - 0x00007ff89728c000 	C:\Program Files\Java\jdk-19\bin\jdwp.dll
0x00007ff89fa70000 - 0x00007ff89fa7e000 	C:\Program Files\Java\jdk-19\bin\instrument.dll
0x00007fffe8b80000 - 0x00007fffe8ba6000 	C:\Program Files\Java\jdk-19\bin\java.dll
0x00007ff84f700000 - 0x00007ff84f718000 	C:\Program Files\Java\jdk-19\bin\zip.dll

dbghelp: loaded successfully - version: 4.0.5 - missing functions: none
symbol engine: initialized successfully - sym options: 0x614 - pdb path: .;C:\Program Files\Java\jdk-19\bin;C:\WINDOWS\SYSTEM32;C:\WINDOWS\WinSxS\amd64_microsoft.windows.common-controls_6595b64144ccf1df_6.0.22621.1635_none_270f70857386168e;C:\Program Files\Java\jdk-19\bin\server

VM Arguments:
jvm_args: -agentlib:jdwp=transport=dt_socket,address=127.0.0.1:58094,suspend=y,server=n -javaagent:C:\Users\adral\AppData\Local\JetBrains\IdeaIC2022.3\captureAgent\debugger-agent.jar -Dfile.encoding=UTF-8 -Dsun.stdout.encoding=UTF-8 -Dsun.stderr.encoding=UTF-8 
java_command: com.example.APICSharp.ApicSharpApplication
java_class_path (initial): D:\IntelliJ IDEA Community Edition 2022.3.1\lib\idea_rt.jar
Launcher Type: SUN_STANDARD

[Global flags]
     intx CICompilerCount                          = 2                                         {product} {ergonomic}
     uint ConcGCThreads                            = 1                                         {product} {ergonomic}
     uint G1ConcRefinementThreads                  = 3                                         {product} {ergonomic}
   size_t G1HeapRegionSize                         = 2097152                                   {product} {ergonomic}
    uintx GCDrainStackTargetSize                   = 64                                        {product} {ergonomic}
   size_t InitialHeapSize                          = 167772160                                 {product} {ergonomic}
   size_t MarkStackSize                            = 4194304                                   {product} {ergonomic}
   size_t MaxHeapSize                              = 2669674496                                {product} {ergonomic}
   size_t MinHeapDeltaBytes                        = 2097152                                   {product} {ergonomic}
   size_t MinHeapSize                              = 8388608                                   {product} {ergonomic}
    uintx NonNMethodCodeHeapSize                   = 5826188                                {pd product} {ergonomic}
    uintx NonProfiledCodeHeapSize                  = 122916026                              {pd product} {ergonomic}
    uintx ProfiledCodeHeapSize                     = 122916026                              {pd product} {ergonomic}
    uintx ReservedCodeCacheSize                    = 251658240                              {pd product} {ergonomic}
     bool SegmentedCodeCache                       = true                                      {product} {ergonomic}
   size_t SoftMaxHeapSize                          = 2669674496                             {manageable} {ergonomic}
     bool UseCompressedClassPointers               = true                           {product lp64_product} {ergonomic}
     bool UseCompressedOops                        = true                           {product lp64_product} {ergonomic}
     bool UseG1GC                                  = true                                      {product} {ergonomic}
     bool UseLargePagesIndividualAllocation        = false                                  {pd product} {ergonomic}

Logging:
Log output configuration:
 #0: stdout all=warning uptime,level,tags foldmultilines=false
 #1: stderr all=off uptime,level,tags foldmultilines=false

Environment Variables:
PATH=C:\Program Files\Microsoft\jdk-11.0.16.101-hotspot\bin;C:\Program Files\Microsoft\jdk-11.0.12.7-hotspot\bin;C:\Program Files\Common Files\Oracle\Java\javapath;C:\Program Files (x86)\Common Files\Oracle\Java\javapath;C:\ProgramData\Oracle\Java\javapath;C:\Program Files\Java\jdk-14.0.1\;C:\Program Files\dotnet\;"C:\Python34\;C:\Python34\Lib\site-pa";C:\Program Files\Git\cmd;C:\Program Files\nodejs\;C:\Program Files\Git\bin;C:\Program Files\Microsoft SQL Server\150\Tools\Binn\;C:\Program Files\Microsoft SQL Server\Client SDK\ODBC\170\Tools\Binn\;C:\Flutter\flutter\bin;C:\Windows\System32;C:\Windows\System32\WindowsPowerShell\v1.0;D:\openshift-client-windows;C:\Program Files\MySQL\MySQL Shell 8.0\bin\;C:\Users\adral\AppData\Local\Programs\Python\Python311\Scripts\;C:\Users\adral\AppData\Local\Programs\Python\Python311\;C:\Program Files\Java\jdk-14.0.1\;C:\Users\adral\AppData\Local\Programs\Microsoft VS Code\bin;C:\Users\adral\.dotnet\tools;"C:\Python34\;C:\Python34\Lib\site-pa";C:\Users\adral\AppData\Roaming\npm;C:\Program Files\Git\bin;D:\IntelliJ IDEA Community Edition 2022.3.1\bin;;C:\Flutter\flutter\bin;C:\Windows\System32;C:\Windows\System32\WindowsPowerShell\v1.0;D:\Miktex\miktex\bin\x64\;D:\openshift-client-windows;
USERNAME=adral
OS=Windows_NT
PROCESSOR_IDENTIFIER=AMD64 Family 23 Model 24 Stepping 1, AuthenticAMD
TMP=C:\Users\adral\AppData\Local\Temp
TEMP=C:\Users\adral\AppData\Local\Temp



---------------  S Y S T E M  ---------------

OS:
 Windows 11 , 64 bit Build 22621 (10.0.22621.1635)
OS uptime: 1 days 1:49 hours

CPU: total 3 (initial active 3) (4 cores per cpu, 2 threads per core) family 23 model 24 stepping 1 microcode 0x0, cx8, cmov, fxsr, ht, mmx, 3dnowpref, sse, sse2, sse3, ssse3, sse4a, sse4.1, sse4.2, popcnt, lzcnt, tsc, tscinvbit, avx, avx2, aes, clmul, bmi1, bmi2, adx, sha, fma, vzeroupper, clflush, clflushopt, rdtscp

Memory: 4k page, system-wide physical 10178M (547M free)
TotalPageFile size 16776M (AvailPageFile size 164M)
current process WorkingSet (physical memory assigned to process): 11M, peak: 11M
current process commit charge ("private bytes"): 50M, peak: 209M

vm_info: Java HotSpot(TM) 64-Bit Server VM (19.0.1+10-21) for windows-amd64 JRE (19.0.1+10-21), built on 2022-09-14T12:45:06Z by "mach5one" with MS VC++ 17.1 (VS2022)

END.
